2026-04-09T07:22:59.467Z  INFO 7 --- [main] com.structurizr.server.Local             : ***********************************************************************************
2026-04-09T07:22:59.472Z  INFO 7 --- [main] com.structurizr.server.Local             :   _____ _                   _              _          
2026-04-09T07:22:59.473Z  INFO 7 --- [main] com.structurizr.server.Local             :  / ____| |                 | |            (_)         
2026-04-09T07:22:59.473Z  INFO 7 --- [main] com.structurizr.server.Local             : | (___ | |_ _ __ _   _  ___| |_ _   _ _ __ _ _____ __ 
2026-04-09T07:22:59.473Z  INFO 7 --- [main] com.structurizr.server.Local             :  \___ \| __| '__| | | |/ __| __| | | | '__| |_  / '__|
2026-04-09T07:22:59.474Z  INFO 7 --- [main] com.structurizr.server.Local             :  ____) | |_| |  | |_| | (__| |_| |_| | |  | |/ /| |   
2026-04-09T07:22:59.474Z  INFO 7 --- [main] com.structurizr.server.Local             : |_____/ \__|_|   \__,_|\___|\__|\__,_|_|  |_/___|_|   
2026-04-09T07:22:59.474Z  INFO 7 --- [main] com.structurizr.server.Local             :                                                       
2026-04-09T07:22:59.475Z  INFO 7 --- [main] com.structurizr.server.Local             : v2026.03.06
2026-04-09T07:22:59.475Z  INFO 7 --- [main] com.structurizr.server.Local             : ***********************************************************************************
2026-04-09T07:22:59.475Z  INFO 7 --- [main] com.structurizr.server.Local             :  - structurizr.authentication: none
2026-04-09T07:22:59.476Z  INFO 7 --- [main] com.structurizr.server.Local             :  - structurizr.autorefreshinterval: 0
2026-04-09T07:22:59.478Z  INFO 7 --- [main] com.structurizr.server.Local             :  - structurizr.autosaveinterval: 5000
2026-04-09T07:22:59.478Z  INFO 7 --- [main] com.structurizr.server.Local             :  - structurizr.cache: none
2026-04-09T07:22:59.479Z  INFO 7 --- [main] com.structurizr.server.Local             :  - structurizr.data: file
2026-04-09T07:22:59.480Z  INFO 7 --- [main] com.structurizr.server.Local             :  - structurizr.datadirectory: /usr/local/structurizr
2026-04-09T07:22:59.480Z  INFO 7 --- [main] com.structurizr.server.Local             :  - structurizr.debug: false
2026-04-09T07:22:59.480Z  INFO 7 --- [main] com.structurizr.server.Local             :  - structurizr.editable: true
2026-04-09T07:22:59.481Z  INFO 7 --- [main] com.structurizr.server.Local             :  - structurizr.logging.filename: /usr/local/structurizr/.structurizr/logs/structurizr.log
2026-04-09T07:22:59.481Z  INFO 7 --- [main] com.structurizr.server.Local             :  - structurizr.network.timeout: 60000
2026-04-09T07:22:59.482Z  INFO 7 --- [main] com.structurizr.server.Local             :  - structurizr.network.urls.allowed: .*
2026-04-09T07:22:59.482Z  INFO 7 --- [main] com.structurizr.server.Local             :  - structurizr.search: lucene
2026-04-09T07:22:59.482Z  INFO 7 --- [main] com.structurizr.server.Local             :  - structurizr.themes: /usr/local/structurizr/themes/
2026-04-09T07:22:59.483Z  INFO 7 --- [main] com.structurizr.server.Local             :  - structurizr.workspace.maxsize: 1MB
2026-04-09T07:22:59.483Z  INFO 7 --- [main] com.structurizr.server.Local             :  - structurizr.workspace.threads: 10
2026-04-09T07:22:59.484Z  INFO 7 --- [main] com.structurizr.server.Local             :  - structurizr.workspaces: 1
2026-04-09T07:22:59.484Z  INFO 7 --- [main] com.structurizr.server.Local             : ***********************************************************************************
2026-04-09T07:22:59.485Z  INFO 7 --- [main] com.structurizr.server.Local             : Themes:
2026-04-09T07:22:59.485Z  INFO 7 --- [main] com.structurizr.server.Local             : ***********************************************************************************
2026-04-09T07:40:25.056Z  INFO 7 --- [SpringApplicationShutdownHook] com.structurizr.server.AbstractServer    : ********************************************************
2026-04-09T07:40:25.057Z  INFO 7 --- [SpringApplicationShutdownHook] com.structurizr.server.AbstractServer    :  Stopping Structurizr
2026-04-09T07:40:25.057Z  INFO 7 --- [SpringApplicationShutdownHook] com.structurizr.server.AbstractServer    : ********************************************************
2026-04-09T07:40:26.365Z  INFO 7 --- [main] com.structurizr.server.Local             : ***********************************************************************************
2026-04-09T07:40:26.366Z  INFO 7 --- [main] com.structurizr.server.Local             :   _____ _                   _              _          
2026-04-09T07:40:26.366Z  INFO 7 --- [main] com.structurizr.server.Local             :  / ____| |                 | |            (_)         
2026-04-09T07:40:26.366Z  INFO 7 --- [main] com.structurizr.server.Local             : | (___ | |_ _ __ _   _  ___| |_ _   _ _ __ _ _____ __ 
2026-04-09T07:40:26.366Z  INFO 7 --- [main] com.structurizr.server.Local             :  \___ \| __| '__| | | |/ __| __| | | | '__| |_  / '__|
2026-04-09T07:40:26.367Z  INFO 7 --- [main] com.structurizr.server.Local             :  ____) | |_| |  | |_| | (__| |_| |_| | |  | |/ /| |   
2026-04-09T07:40:26.367Z  INFO 7 --- [main] com.structurizr.server.Local             : |_____/ \__|_|   \__,_|\___|\__|\__,_|_|  |_/___|_|   
2026-04-09T07:40:26.367Z  INFO 7 --- [main] com.structurizr.server.Local             :                                                       
2026-04-09T07:40:26.367Z  INFO 7 --- [main] com.structurizr.server.Local             : v2026.03.06
2026-04-09T07:40:26.367Z  INFO 7 --- [main] com.structurizr.server.Local             : ***********************************************************************************
2026-04-09T07:40:26.368Z  INFO 7 --- [main] com.structurizr.server.Local             :  - structurizr.authentication: none
2026-04-09T07:40:26.368Z  INFO 7 --- [main] com.structurizr.server.Local             :  - structurizr.autorefreshinterval: 0
2026-04-09T07:40:26.368Z  INFO 7 --- [main] com.structurizr.server.Local             :  - structurizr.autosaveinterval: 5000
2026-04-09T07:40:26.368Z  INFO 7 --- [main] com.structurizr.server.Local             :  - structurizr.cache: none
2026-04-09T07:40:26.369Z  INFO 7 --- [main] com.structurizr.server.Local             :  - structurizr.data: file
2026-04-09T07:40:26.369Z  INFO 7 --- [main] com.structurizr.server.Local             :  - structurizr.datadirectory: /usr/local/structurizr
2026-04-09T07:40:26.369Z  INFO 7 --- [main] com.structurizr.server.Local             :  - structurizr.debug: false
2026-04-09T07:40:26.369Z  INFO 7 --- [main] com.structurizr.server.Local             :  - structurizr.editable: true
2026-04-09T07:40:26.369Z  INFO 7 --- [main] com.structurizr.server.Local             :  - structurizr.logging.filename: /usr/local/structurizr/.structurizr/logs/structurizr.log
2026-04-09T07:40:26.370Z  INFO 7 --- [main] com.structurizr.server.Local             :  - structurizr.network.timeout: 60000
2026-04-09T07:40:26.370Z  INFO 7 --- [main] com.structurizr.server.Local             :  - structurizr.network.urls.allowed: .*
2026-04-09T07:40:26.370Z  INFO 7 --- [main] com.structurizr.server.Local             :  - structurizr.search: lucene
2026-04-09T07:40:26.370Z  INFO 7 --- [main] com.structurizr.server.Local             :  - structurizr.themes: /usr/local/structurizr/themes/
2026-04-09T07:40:26.370Z  INFO 7 --- [main] com.structurizr.server.Local             :  - structurizr.workspace.maxsize: 1MB
2026-04-09T07:40:26.370Z  INFO 7 --- [main] com.structurizr.server.Local             :  - structurizr.workspace.threads: 10
2026-04-09T07:40:26.370Z  INFO 7 --- [main] com.structurizr.server.Local             :  - structurizr.workspaces: 1
2026-04-09T07:40:26.370Z  INFO 7 --- [main] com.structurizr.server.Local             : ***********************************************************************************
2026-04-09T07:40:26.370Z  INFO 7 --- [main] com.structurizr.server.Local             : Themes:
2026-04-09T07:40:26.371Z  INFO 7 --- [main] com.structurizr.server.Local             : ***********************************************************************************
2026-04-09T08:17:43.097Z  INFO 7 --- [SpringApplicationShutdownHook] com.structurizr.server.AbstractServer    : ********************************************************
2026-04-09T08:17:43.098Z  INFO 7 --- [SpringApplicationShutdownHook] com.structurizr.server.AbstractServer    :  Stopping Structurizr
2026-04-09T08:17:43.098Z  INFO 7 --- [SpringApplicationShutdownHook] com.structurizr.server.AbstractServer    : ********************************************************
2026-04-09T08:21:01.843Z  INFO 7 --- [main] com.structurizr.server.Local             : ***********************************************************************************
2026-04-09T08:21:01.844Z  INFO 7 --- [main] com.structurizr.server.Local             :   _____ _                   _              _          
2026-04-09T08:21:01.844Z  INFO 7 --- [main] com.structurizr.server.Local             :  / ____| |                 | |            (_)         
2026-04-09T08:21:01.844Z  INFO 7 --- [main] com.structurizr.server.Local             : | (___ | |_ _ __ _   _  ___| |_ _   _ _ __ _ _____ __ 
2026-04-09T08:21:01.844Z  INFO 7 --- [main] com.structurizr.server.Local             :  \___ \| __| '__| | | |/ __| __| | | | '__| |_  / '__|
2026-04-09T08:21:01.845Z  INFO 7 --- [main] com.structurizr.server.Local             :  ____) | |_| |  | |_| | (__| |_| |_| | |  | |/ /| |   
2026-04-09T08:21:01.845Z  INFO 7 --- [main] com.structurizr.server.Local             : |_____/ \__|_|   \__,_|\___|\__|\__,_|_|  |_/___|_|   
2026-04-09T08:21:01.845Z  INFO 7 --- [main] com.structurizr.server.Local             :                                                       
2026-04-09T08:21:01.845Z  INFO 7 --- [main] com.structurizr.server.Local             : v2026.03.06
2026-04-09T08:21:01.846Z  INFO 7 --- [main] com.structurizr.server.Local             : ***********************************************************************************
2026-04-09T08:21:01.846Z  INFO 7 --- [main] com.structurizr.server.Local             :  - structurizr.authentication: none
2026-04-09T08:21:01.846Z  INFO 7 --- [main] com.structurizr.server.Local             :  - structurizr.autorefreshinterval: 0
2026-04-09T08:21:01.846Z  INFO 7 --- [main] com.structurizr.server.Local             :  - structurizr.autosaveinterval: 5000
2026-04-09T08:21:01.847Z  INFO 7 --- [main] com.structurizr.server.Local             :  - structurizr.cache: none
2026-04-09T08:21:01.847Z  INFO 7 --- [main] com.structurizr.server.Local             :  - structurizr.data: file
2026-04-09T08:21:01.847Z  INFO 7 --- [main] com.structurizr.server.Local             :  - structurizr.datadirectory: /usr/local/structurizr
2026-04-09T08:21:01.847Z  INFO 7 --- [main] com.structurizr.server.Local             :  - structurizr.debug: false
2026-04-09T08:21:01.848Z  INFO 7 --- [main] com.structurizr.server.Local             :  - structurizr.editable: true
2026-04-09T08:21:01.848Z  INFO 7 --- [main] com.structurizr.server.Local             :  - structurizr.logging.filename: /usr/local/structurizr/.structurizr/logs/structurizr.log
2026-04-09T08:21:01.848Z  INFO 7 --- [main] com.structurizr.server.Local             :  - structurizr.network.timeout: 60000
2026-04-09T08:21:01.848Z  INFO 7 --- [main] com.structurizr.server.Local             :  - structurizr.network.urls.allowed: .*
2026-04-09T08:21:01.848Z  INFO 7 --- [main] com.structurizr.server.Local             :  - structurizr.search: lucene
2026-04-09T08:21:01.848Z  INFO 7 --- [main] com.structurizr.server.Local             :  - structurizr.themes: /usr/local/structurizr/themes/
2026-04-09T08:21:01.849Z  INFO 7 --- [main] com.structurizr.server.Local             :  - structurizr.workspace.maxsize: 1MB
2026-04-09T08:21:01.849Z  INFO 7 --- [main] com.structurizr.server.Local             :  - structurizr.workspace.threads: 10
2026-04-09T08:21:01.849Z  INFO 7 --- [main] com.structurizr.server.Local             :  - structurizr.workspaces: 1
2026-04-09T08:21:01.849Z  INFO 7 --- [main] com.structurizr.server.Local             : ***********************************************************************************
2026-04-09T08:21:01.849Z  INFO 7 --- [main] com.structurizr.server.Local             : Themes:
2026-04-09T08:21:01.850Z  INFO 7 --- [main] com.structurizr.server.Local             : ***********************************************************************************
2026-04-09T08:22:00.578Z  INFO 7 --- [SpringApplicationShutdownHook] com.structurizr.server.AbstractServer    : ********************************************************
2026-04-09T08:22:00.578Z  INFO 7 --- [SpringApplicationShutdownHook] com.structurizr.server.AbstractServer    :  Stopping Structurizr
2026-04-09T08:22:00.578Z  INFO 7 --- [SpringApplicationShutdownHook] com.structurizr.server.AbstractServer    : ********************************************************
2026-04-09T08:22:02.290Z  INFO 6 --- [main] com.structurizr.server.Local             : ***********************************************************************************
2026-04-09T08:22:02.291Z  INFO 6 --- [main] com.structurizr.server.Local             :   _____ _                   _              _          
2026-04-09T08:22:02.291Z  INFO 6 --- [main] com.structurizr.server.Local             :  / ____| |                 | |            (_)         
2026-04-09T08:22:02.291Z  INFO 6 --- [main] com.structurizr.server.Local             : | (___ | |_ _ __ _   _  ___| |_ _   _ _ __ _ _____ __ 
2026-04-09T08:22:02.291Z  INFO 6 --- [main] com.structurizr.server.Local             :  \___ \| __| '__| | | |/ __| __| | | | '__| |_  / '__|
2026-04-09T08:22:02.292Z  INFO 6 --- [main] com.structurizr.server.Local             :  ____) | |_| |  | |_| | (__| |_| |_| | |  | |/ /| |   
2026-04-09T08:22:02.292Z  INFO 6 --- [main] com.structurizr.server.Local             : |_____/ \__|_|   \__,_|\___|\__|\__,_|_|  |_/___|_|   
2026-04-09T08:22:02.292Z  INFO 6 --- [main] com.structurizr.server.Local             :                                                       
2026-04-09T08:22:02.292Z  INFO 6 --- [main] com.structurizr.server.Local             : v2026.03.06
2026-04-09T08:22:02.292Z  INFO 6 --- [main] com.structurizr.server.Local             : ***********************************************************************************
2026-04-09T08:22:02.293Z  INFO 6 --- [main] com.structurizr.server.Local             :  - structurizr.authentication: none
2026-04-09T08:22:02.293Z  INFO 6 --- [main] com.structurizr.server.Local             :  - structurizr.autorefreshinterval: 0
2026-04-09T08:22:02.293Z  INFO 6 --- [main] com.structurizr.server.Local             :  - structurizr.autosaveinterval: 5000
2026-04-09T08:22:02.293Z  INFO 6 --- [main] com.structurizr.server.Local             :  - structurizr.cache: none
2026-04-09T08:22:02.293Z  INFO 6 --- [main] com.structurizr.server.Local             :  - structurizr.data: file
2026-04-09T08:22:02.294Z  INFO 6 --- [main] com.structurizr.server.Local             :  - structurizr.datadirectory: /usr/local/structurizr
2026-04-09T08:22:02.294Z  INFO 6 --- [main] com.structurizr.server.Local             :  - structurizr.debug: false
2026-04-09T08:22:02.294Z  INFO 6 --- [main] com.structurizr.server.Local             :  - structurizr.editable: true
2026-04-09T08:22:02.294Z  INFO 6 --- [main] com.structurizr.server.Local             :  - structurizr.logging.filename: /usr/local/structurizr/.structurizr/logs/structurizr.log
2026-04-09T08:22:02.294Z  INFO 6 --- [main] com.structurizr.server.Local             :  - structurizr.network.timeout: 60000
2026-04-09T08:22:02.294Z  INFO 6 --- [main] com.structurizr.server.Local             :  - structurizr.network.urls.allowed: .*
2026-04-09T08:22:02.294Z  INFO 6 --- [main] com.structurizr.server.Local             :  - structurizr.search: lucene
2026-04-09T08:22:02.294Z  INFO 6 --- [main] com.structurizr.server.Local             :  - structurizr.themes: /usr/local/structurizr/themes/
2026-04-09T08:22:02.295Z  INFO 6 --- [main] com.structurizr.server.Local             :  - structurizr.workspace.maxsize: 1MB
2026-04-09T08:22:02.295Z  INFO 6 --- [main] com.structurizr.server.Local             :  - structurizr.workspace.threads: 10
2026-04-09T08:22:02.295Z  INFO 6 --- [main] com.structurizr.server.Local             :  - structurizr.workspaces: 1
2026-04-09T08:22:02.295Z  INFO 6 --- [main] com.structurizr.server.Local             : ***********************************************************************************
2026-04-09T08:22:02.295Z  INFO 6 --- [main] com.structurizr.server.Local             : Themes:
2026-04-09T08:22:02.295Z  INFO 6 --- [main] com.structurizr.server.Local             : ***********************************************************************************
2026-04-09T08:22:54.608Z  INFO 6 --- [SpringApplicationShutdownHook] com.structurizr.server.AbstractServer    : ********************************************************
2026-04-09T08:22:54.608Z  INFO 6 --- [SpringApplicationShutdownHook] com.structurizr.server.AbstractServer    :  Stopping Structurizr
2026-04-09T08:22:54.608Z  INFO 6 --- [SpringApplicationShutdownHook] com.structurizr.server.AbstractServer    : ********************************************************
2026-04-09T08:22:56.047Z  INFO 6 --- [main] com.structurizr.server.Local             : ***********************************************************************************
2026-04-09T08:22:56.048Z  INFO 6 --- [main] com.structurizr.server.Local             :   _____ _                   _              _          
2026-04-09T08:22:56.049Z  INFO 6 --- [main] com.structurizr.server.Local             :  / ____| |                 | |            (_)         
2026-04-09T08:22:56.049Z  INFO 6 --- [main] com.structurizr.server.Local             : | (___ | |_ _ __ _   _  ___| |_ _   _ _ __ _ _____ __ 
2026-04-09T08:22:56.049Z  INFO 6 --- [main] com.structurizr.server.Local             :  \___ \| __| '__| | | |/ __| __| | | | '__| |_  / '__|
2026-04-09T08:22:56.049Z  INFO 6 --- [main] com.structurizr.server.Local             :  ____) | |_| |  | |_| | (__| |_| |_| | |  | |/ /| |   
2026-04-09T08:22:56.049Z  INFO 6 --- [main] com.structurizr.server.Local             : |_____/ \__|_|   \__,_|\___|\__|\__,_|_|  |_/___|_|   
2026-04-09T08:22:56.049Z  INFO 6 --- [main] com.structurizr.server.Local             :                                                       
2026-04-09T08:22:56.050Z  INFO 6 --- [main] com.structurizr.server.Local             : v2026.03.06
2026-04-09T08:22:56.050Z  INFO 6 --- [main] com.structurizr.server.Local             : ***********************************************************************************
2026-04-09T08:22:56.050Z  INFO 6 --- [main] com.structurizr.server.Local             :  - structurizr.authentication: none
2026-04-09T08:22:56.050Z  INFO 6 --- [main] com.structurizr.server.Local             :  - structurizr.autorefreshinterval: 0
2026-04-09T08:22:56.051Z  INFO 6 --- [main] com.structurizr.server.Local             :  - structurizr.autosaveinterval: 5000
2026-04-09T08:22:56.051Z  INFO 6 --- [main] com.structurizr.server.Local             :  - structurizr.cache: none
2026-04-09T08:22:56.051Z  INFO 6 --- [main] com.structurizr.server.Local             :  - structurizr.data: file
2026-04-09T08:22:56.051Z  INFO 6 --- [main] com.structurizr.server.Local             :  - structurizr.datadirectory: /usr/local/structurizr
2026-04-09T08:22:56.052Z  INFO 6 --- [main] com.structurizr.server.Local             :  - structurizr.debug: false
2026-04-09T08:22:56.052Z  INFO 6 --- [main] com.structurizr.server.Local             :  - structurizr.editable: true
2026-04-09T08:22:56.052Z  INFO 6 --- [main] com.structurizr.server.Local             :  - structurizr.logging.filename: /usr/local/structurizr/.structurizr/logs/structurizr.log
2026-04-09T08:22:56.052Z  INFO 6 --- [main] com.structurizr.server.Local             :  - structurizr.network.timeout: 60000
2026-04-09T08:22:56.053Z  INFO 6 --- [main] com.structurizr.server.Local             :  - structurizr.network.urls.allowed: .*
2026-04-09T08:22:56.053Z  INFO 6 --- [main] com.structurizr.server.Local             :  - structurizr.search: lucene
2026-04-09T08:22:56.053Z  INFO 6 --- [main] com.structurizr.server.Local             :  - structurizr.themes: /usr/local/structurizr/themes/
2026-04-09T08:22:56.053Z  INFO 6 --- [main] com.structurizr.server.Local             :  - structurizr.workspace.maxsize: 1MB
2026-04-09T08:22:56.053Z  INFO 6 --- [main] com.structurizr.server.Local             :  - structurizr.workspace.threads: 10
2026-04-09T08:22:56.054Z  INFO 6 --- [main] com.structurizr.server.Local             :  - structurizr.workspaces: 1
2026-04-09T08:22:56.054Z  INFO 6 --- [main] com.structurizr.server.Local             : ***********************************************************************************
2026-04-09T08:22:56.054Z  INFO 6 --- [main] com.structurizr.server.Local             : Themes:
2026-04-09T08:22:56.054Z  INFO 6 --- [main] com.structurizr.server.Local             : ***********************************************************************************
2026-04-09T14:06:18.050Z  INFO 6 --- [main] com.structurizr.server.Local             : ***********************************************************************************
2026-04-09T14:06:18.052Z  INFO 6 --- [main] com.structurizr.server.Local             :   _____ _                   _              _          
2026-04-09T14:06:18.052Z  INFO 6 --- [main] com.structurizr.server.Local             :  / ____| |                 | |            (_)         
2026-04-09T14:06:18.052Z  INFO 6 --- [main] com.structurizr.server.Local             : | (___ | |_ _ __ _   _  ___| |_ _   _ _ __ _ _____ __ 
2026-04-09T14:06:18.052Z  INFO 6 --- [main] com.structurizr.server.Local             :  \___ \| __| '__| | | |/ __| __| | | | '__| |_  / '__|
2026-04-09T14:06:18.052Z  INFO 6 --- [main] com.structurizr.server.Local             :  ____) | |_| |  | |_| | (__| |_| |_| | |  | |/ /| |   
2026-04-09T14:06:18.052Z  INFO 6 --- [main] com.structurizr.server.Local             : |_____/ \__|_|   \__,_|\___|\__|\__,_|_|  |_/___|_|   
2026-04-09T14:06:18.053Z  INFO 6 --- [main] com.structurizr.server.Local             :                                                       
2026-04-09T14:06:18.053Z  INFO 6 --- [main] com.structurizr.server.Local             : v2026.03.06
2026-04-09T14:06:18.053Z  INFO 6 --- [main] com.structurizr.server.Local             : ***********************************************************************************
2026-04-09T14:06:18.054Z  INFO 6 --- [main] com.structurizr.server.Local             :  - structurizr.authentication: none
2026-04-09T14:06:18.054Z  INFO 6 --- [main] com.structurizr.server.Local             :  - structurizr.autorefreshinterval: 0
2026-04-09T14:06:18.054Z  INFO 6 --- [main] com.structurizr.server.Local             :  - structurizr.autosaveinterval: 5000
2026-04-09T14:06:18.054Z  INFO 6 --- [main] com.structurizr.server.Local             :  - structurizr.cache: none
2026-04-09T14:06:18.055Z  INFO 6 --- [main] com.structurizr.server.Local             :  - structurizr.data: file
2026-04-09T14:06:18.055Z  INFO 6 --- [main] com.structurizr.server.Local             :  - structurizr.datadirectory: /usr/local/structurizr
2026-04-09T14:06:18.055Z  INFO 6 --- [main] com.structurizr.server.Local             :  - structurizr.debug: false
2026-04-09T14:06:18.055Z  INFO 6 --- [main] com.structurizr.server.Local             :  - structurizr.editable: true
2026-04-09T14:06:18.055Z  INFO 6 --- [main] com.structurizr.server.Local             :  - structurizr.logging.filename: /usr/local/structurizr/.structurizr/logs/structurizr.log
2026-04-09T14:06:18.056Z  INFO 6 --- [main] com.structurizr.server.Local             :  - structurizr.network.timeout: 60000
2026-04-09T14:06:18.056Z  INFO 6 --- [main] com.structurizr.server.Local             :  - structurizr.network.urls.allowed: .*
2026-04-09T14:06:18.056Z  INFO 6 --- [main] com.structurizr.server.Local             :  - structurizr.search: lucene
2026-04-09T14:06:18.056Z  INFO 6 --- [main] com.structurizr.server.Local             :  - structurizr.themes: /usr/local/structurizr/themes/
2026-04-09T14:06:18.056Z  INFO 6 --- [main] com.structurizr.server.Local             :  - structurizr.workspace.maxsize: 1MB
2026-04-09T14:06:18.057Z  INFO 6 --- [main] com.structurizr.server.Local             :  - structurizr.workspace.threads: 10
2026-04-09T14:06:18.057Z  INFO 6 --- [main] com.structurizr.server.Local             :  - structurizr.workspaces: 1
2026-04-09T14:06:18.057Z  INFO 6 --- [main] com.structurizr.server.Local             : ***********************************************************************************
2026-04-09T14:06:18.057Z  INFO 6 --- [main] com.structurizr.server.Local             : Themes:
2026-04-09T14:06:18.058Z  INFO 6 --- [main] com.structurizr.server.Local             : ***********************************************************************************
2026-04-09T14:08:40.653Z  INFO 6 --- [SpringApplicationShutdownHook] com.structurizr.server.AbstractServer    : ********************************************************
2026-04-09T14:08:40.654Z  INFO 6 --- [SpringApplicationShutdownHook] com.structurizr.server.AbstractServer    :  Stopping Structurizr
2026-04-09T14:08:40.654Z  INFO 6 --- [SpringApplicationShutdownHook] com.structurizr.server.AbstractServer    : ********************************************************
2026-04-09T14:08:42.597Z  INFO 7 --- [main] com.structurizr.server.Local             : ***********************************************************************************
2026-04-09T14:08:42.599Z  INFO 7 --- [main] com.structurizr.server.Local             :   _____ _                   _              _          
2026-04-09T14:08:42.600Z  INFO 7 --- [main] com.structurizr.server.Local             :  / ____| |                 | |            (_)         
2026-04-09T14:08:42.600Z  INFO 7 --- [main] com.structurizr.server.Local             : | (___ | |_ _ __ _   _  ___| |_ _   _ _ __ _ _____ __ 
2026-04-09T14:08:42.600Z  INFO 7 --- [main] com.structurizr.server.Local             :  \___ \| __| '__| | | |/ __| __| | | | '__| |_  / '__|
2026-04-09T14:08:42.600Z  INFO 7 --- [main] com.structurizr.server.Local             :  ____) | |_| |  | |_| | (__| |_| |_| | |  | |/ /| |   
2026-04-09T14:08:42.600Z  INFO 7 --- [main] com.structurizr.server.Local             : |_____/ \__|_|   \__,_|\___|\__|\__,_|_|  |_/___|_|   
2026-04-09T14:08:42.600Z  INFO 7 --- [main] com.structurizr.server.Local             :                                                       
2026-04-09T14:08:42.601Z  INFO 7 --- [main] com.structurizr.server.Local             : v2026.03.06
2026-04-09T14:08:42.601Z  INFO 7 --- [main] com.structurizr.server.Local             : ***********************************************************************************
2026-04-09T14:08:42.602Z  INFO 7 --- [main] com.structurizr.server.Local             :  - structurizr.authentication: none
2026-04-09T14:08:42.602Z  INFO 7 --- [main] com.structurizr.server.Local             :  - structurizr.autorefreshinterval: 0
2026-04-09T14:08:42.602Z  INFO 7 --- [main] com.structurizr.server.Local             :  - structurizr.autosaveinterval: 5000
2026-04-09T14:08:42.602Z  INFO 7 --- [main] com.structurizr.server.Local             :  - structurizr.cache: none
2026-04-09T14:08:42.603Z  INFO 7 --- [main] com.structurizr.server.Local             :  - structurizr.data: file
2026-04-09T14:08:42.603Z  INFO 7 --- [main] com.structurizr.server.Local             :  - structurizr.datadirectory: /usr/local/structurizr
2026-04-09T14:08:42.603Z  INFO 7 --- [main] com.structurizr.server.Local             :  - structurizr.debug: false
2026-04-09T14:08:42.603Z  INFO 7 --- [main] com.structurizr.server.Local             :  - structurizr.editable: true
2026-04-09T14:08:42.604Z  INFO 7 --- [main] com.structurizr.server.Local             :  - structurizr.logging.filename: /usr/local/structurizr/.structurizr/logs/structurizr.log
2026-04-09T14:08:42.604Z  INFO 7 --- [main] com.structurizr.server.Local             :  - structurizr.network.timeout: 60000
2026-04-09T14:08:42.604Z  INFO 7 --- [main] com.structurizr.server.Local             :  - structurizr.network.urls.allowed: .*
2026-04-09T14:08:42.604Z  INFO 7 --- [main] com.structurizr.server.Local             :  - structurizr.search: lucene
2026-04-09T14:08:42.604Z  INFO 7 --- [main] com.structurizr.server.Local             :  - structurizr.themes: /usr/local/structurizr/themes/
2026-04-09T14:08:42.605Z  INFO 7 --- [main] com.structurizr.server.Local             :  - structurizr.workspace.maxsize: 1MB
2026-04-09T14:08:42.605Z  INFO 7 --- [main] com.structurizr.server.Local             :  - structurizr.workspace.threads: 10
2026-04-09T14:08:42.605Z  INFO 7 --- [main] com.structurizr.server.Local             :  - structurizr.workspaces: 1
2026-04-09T14:08:42.605Z  INFO 7 --- [main] com.structurizr.server.Local             : ***********************************************************************************
2026-04-09T14:08:42.605Z  INFO 7 --- [main] com.structurizr.server.Local             : Themes:
2026-04-09T14:08:42.606Z  INFO 7 --- [main] com.structurizr.server.Local             : ***********************************************************************************
2026-04-09T14:35:02.553Z  INFO 7 --- [main] com.structurizr.server.Local             : ***********************************************************************************
2026-04-09T14:35:02.553Z  INFO 7 --- [main] com.structurizr.server.Local             :   _____ _                   _              _          
2026-04-09T14:35:02.554Z  INFO 7 --- [main] com.structurizr.server.Local             :  / ____| |                 | |            (_)         
2026-04-09T14:35:02.554Z  INFO 7 --- [main] com.structurizr.server.Local             : | (___ | |_ _ __ _   _  ___| |_ _   _ _ __ _ _____ __ 
2026-04-09T14:35:02.554Z  INFO 7 --- [main] com.structurizr.server.Local             :  \___ \| __| '__| | | |/ __| __| | | | '__| |_  / '__|
2026-04-09T14:35:02.554Z  INFO 7 --- [main] com.structurizr.server.Local             :  ____) | |_| |  | |_| | (__| |_| |_| | |  | |/ /| |   
2026-04-09T14:35:02.555Z  INFO 7 --- [main] com.structurizr.server.Local             : |_____/ \__|_|   \__,_|\___|\__|\__,_|_|  |_/___|_|   
2026-04-09T14:35:02.555Z  INFO 7 --- [main] com.structurizr.server.Local             :                                                       
2026-04-09T14:35:02.556Z  INFO 7 --- [main] com.structurizr.server.Local             : v2026.03.06
2026-04-09T14:35:02.557Z  INFO 7 --- [main] com.structurizr.server.Local             : ***********************************************************************************
2026-04-09T14:35:02.557Z  INFO 7 --- [main] com.structurizr.server.Local             :  - structurizr.authentication: none
2026-04-09T14:35:02.557Z  INFO 7 --- [main] com.structurizr.server.Local             :  - structurizr.autorefreshinterval: 0
2026-04-09T14:35:02.558Z  INFO 7 --- [main] com.structurizr.server.Local             :  - structurizr.autosaveinterval: 5000
2026-04-09T14:35:02.558Z  INFO 7 --- [main] com.structurizr.server.Local             :  - structurizr.cache: none
2026-04-09T14:35:02.558Z  INFO 7 --- [main] com.structurizr.server.Local             :  - structurizr.data: file
2026-04-09T14:35:02.559Z  INFO 7 --- [main] com.structurizr.server.Local             :  - structurizr.datadirectory: /usr/local/structurizr
2026-04-09T14:35:02.559Z  INFO 7 --- [main] com.structurizr.server.Local             :  - structurizr.debug: false
2026-04-09T14:35:02.559Z  INFO 7 --- [main] com.structurizr.server.Local             :  - structurizr.editable: true
2026-04-09T14:35:02.560Z  INFO 7 --- [main] com.structurizr.server.Local             :  - structurizr.logging.filename: /usr/local/structurizr/.structurizr/logs/structurizr.log
2026-04-09T14:35:02.560Z  INFO 7 --- [main] com.structurizr.server.Local             :  - structurizr.network.timeout: 60000
2026-04-09T14:35:02.560Z  INFO 7 --- [main] com.structurizr.server.Local             :  - structurizr.network.urls.allowed: .*
2026-04-09T14:35:02.561Z  INFO 7 --- [main] com.structurizr.server.Local             :  - structurizr.search: lucene
2026-04-09T14:35:02.561Z  INFO 7 --- [main] com.structurizr.server.Local             :  - structurizr.themes: /usr/local/structurizr/themes/
2026-04-09T14:35:02.561Z  INFO 7 --- [main] com.structurizr.server.Local             :  - structurizr.workspace.maxsize: 1MB
2026-04-09T14:35:02.561Z  INFO 7 --- [main] com.structurizr.server.Local             :  - structurizr.workspace.threads: 10
2026-04-09T14:35:02.561Z  INFO 7 --- [main] com.structurizr.server.Local             :  - structurizr.workspaces: 1
2026-04-09T14:35:02.562Z  INFO 7 --- [main] com.structurizr.server.Local             : ***********************************************************************************
2026-04-09T14:35:02.562Z  INFO 7 --- [main] com.structurizr.server.Local             : Themes:
2026-04-09T14:35:02.563Z  INFO 7 --- [main] com.structurizr.server.Local             : ***********************************************************************************
2026-04-09T15:01:12.359Z  INFO 7 --- [SpringApplicationShutdownHook] com.structurizr.server.AbstractServer    : ********************************************************
2026-04-09T15:01:12.363Z  INFO 7 --- [SpringApplicationShutdownHook] com.structurizr.server.AbstractServer    :  Stopping Structurizr
2026-04-09T15:01:12.364Z  INFO 7 --- [SpringApplicationShutdownHook] com.structurizr.server.AbstractServer    : ********************************************************
2026-04-09T15:01:14.428Z  INFO 6 --- [main] com.structurizr.server.Local             : ***********************************************************************************
2026-04-09T15:01:14.430Z  INFO 6 --- [main] com.structurizr.server.Local             :   _____ _                   _              _          
2026-04-09T15:01:14.430Z  INFO 6 --- [main] com.structurizr.server.Local             :  / ____| |                 | |            (_)         
2026-04-09T15:01:14.430Z  INFO 6 --- [main] com.structurizr.server.Local             : | (___ | |_ _ __ _   _  ___| |_ _   _ _ __ _ _____ __ 
2026-04-09T15:01:14.431Z  INFO 6 --- [main] com.structurizr.server.Local             :  \___ \| __| '__| | | |/ __| __| | | | '__| |_  / '__|
2026-04-09T15:01:14.431Z  INFO 6 --- [main] com.structurizr.server.Local             :  ____) | |_| |  | |_| | (__| |_| |_| | |  | |/ /| |   
2026-04-09T15:01:14.431Z  INFO 6 --- [main] com.structurizr.server.Local             : |_____/ \__|_|   \__,_|\___|\__|\__,_|_|  |_/___|_|   
2026-04-09T15:01:14.431Z  INFO 6 --- [main] com.structurizr.server.Local             :                                                       
2026-04-09T15:01:14.432Z  INFO 6 --- [main] com.structurizr.server.Local             : v2026.03.06
2026-04-09T15:01:14.432Z  INFO 6 --- [main] com.structurizr.server.Local             : ***********************************************************************************
2026-04-09T15:01:14.432Z  INFO 6 --- [main] com.structurizr.server.Local             :  - structurizr.authentication: none
2026-04-09T15:01:14.433Z  INFO 6 --- [main] com.structurizr.server.Local             :  - structurizr.autorefreshinterval: 0
2026-04-09T15:01:14.433Z  INFO 6 --- [main] com.structurizr.server.Local             :  - structurizr.autosaveinterval: 5000
2026-04-09T15:01:14.433Z  INFO 6 --- [main] com.structurizr.server.Local             :  - structurizr.cache: none
2026-04-09T15:01:14.433Z  INFO 6 --- [main] com.structurizr.server.Local             :  - structurizr.data: file
2026-04-09T15:01:14.433Z  INFO 6 --- [main] com.structurizr.server.Local             :  - structurizr.datadirectory: /usr/local/structurizr
2026-04-09T15:01:14.434Z  INFO 6 --- [main] com.structurizr.server.Local             :  - structurizr.debug: false
2026-04-09T15:01:14.434Z  INFO 6 --- [main] com.structurizr.server.Local             :  - structurizr.editable: true
2026-04-09T15:01:14.434Z  INFO 6 --- [main] com.structurizr.server.Local             :  - structurizr.logging.filename: /usr/local/structurizr/.structurizr/logs/structurizr.log
2026-04-09T15:01:14.434Z  INFO 6 --- [main] com.structurizr.server.Local             :  - structurizr.network.timeout: 60000
2026-04-09T15:01:14.434Z  INFO 6 --- [main] com.structurizr.server.Local             :  - structurizr.network.urls.allowed: .*
2026-04-09T15:01:14.434Z  INFO 6 --- [main] com.structurizr.server.Local             :  - structurizr.search: lucene
2026-04-09T15:01:14.435Z  INFO 6 --- [main] com.structurizr.server.Local             :  - structurizr.themes: /usr/local/structurizr/themes/
2026-04-09T15:01:14.435Z  INFO 6 --- [main] com.structurizr.server.Local             :  - structurizr.workspace.maxsize: 1MB
2026-04-09T15:01:14.435Z  INFO 6 --- [main] com.structurizr.server.Local             :  - structurizr.workspace.threads: 10
2026-04-09T15:01:14.435Z  INFO 6 --- [main] com.structurizr.server.Local             :  - structurizr.workspaces: 1
2026-04-09T15:01:14.435Z  INFO 6 --- [main] com.structurizr.server.Local             : ***********************************************************************************
2026-04-09T15:01:14.435Z  INFO 6 --- [main] com.structurizr.server.Local             : Themes:
2026-04-09T15:01:14.435Z  INFO 6 --- [main] com.structurizr.server.Local             : ***********************************************************************************
2026-04-09T15:01:52.037Z  INFO 6 --- [main] com.structurizr.server.Local             : ***********************************************************************************
2026-04-09T15:01:52.038Z  INFO 6 --- [main] com.structurizr.server.Local             :   _____ _                   _              _          
2026-04-09T15:01:52.038Z  INFO 6 --- [main] com.structurizr.server.Local             :  / ____| |                 | |            (_)         
2026-04-09T15:01:52.038Z  INFO 6 --- [main] com.structurizr.server.Local             : | (___ | |_ _ __ _   _  ___| |_ _   _ _ __ _ _____ __ 
2026-04-09T15:01:52.038Z  INFO 6 --- [main] com.structurizr.server.Local             :  \___ \| __| '__| | | |/ __| __| | | | '__| |_  / '__|
2026-04-09T15:01:52.038Z  INFO 6 --- [main] com.structurizr.server.Local             :  ____) | |_| |  | |_| | (__| |_| |_| | |  | |/ /| |   
2026-04-09T15:01:52.038Z  INFO 6 --- [main] com.structurizr.server.Local             : |_____/ \__|_|   \__,_|\___|\__|\__,_|_|  |_/___|_|   
2026-04-09T15:01:52.038Z  INFO 6 --- [main] com.structurizr.server.Local             :                                                       
2026-04-09T15:01:52.039Z  INFO 6 --- [main] com.structurizr.server.Local             : v2026.03.06
2026-04-09T15:01:52.039Z  INFO 6 --- [main] com.structurizr.server.Local             : ***********************************************************************************
2026-04-09T15:01:52.039Z  INFO 6 --- [main] com.structurizr.server.Local             :  - structurizr.authentication: none
2026-04-09T15:01:52.039Z  INFO 6 --- [main] com.structurizr.server.Local             :  - structurizr.autorefreshinterval: 0
2026-04-09T15:01:52.040Z  INFO 6 --- [main] com.structurizr.server.Local             :  - structurizr.autosaveinterval: 5000
2026-04-09T15:01:52.040Z  INFO 6 --- [main] com.structurizr.server.Local             :  - structurizr.cache: none
2026-04-09T15:01:52.040Z  INFO 6 --- [main] com.structurizr.server.Local             :  - structurizr.data: file
2026-04-09T15:01:52.040Z  INFO 6 --- [main] com.structurizr.server.Local             :  - structurizr.datadirectory: /usr/local/structurizr
2026-04-09T15:01:52.040Z  INFO 6 --- [main] com.structurizr.server.Local             :  - structurizr.debug: false
2026-04-09T15:01:52.041Z  INFO 6 --- [main] com.structurizr.server.Local             :  - structurizr.editable: true
2026-04-09T15:01:52.041Z  INFO 6 --- [main] com.structurizr.server.Local             :  - structurizr.logging.filename: /usr/local/structurizr/.structurizr/logs/structurizr.log
2026-04-09T15:01:52.041Z  INFO 6 --- [main] com.structurizr.server.Local             :  - structurizr.network.timeout: 60000
2026-04-09T15:01:52.041Z  INFO 6 --- [main] com.structurizr.server.Local             :  - structurizr.network.urls.allowed: .*
2026-04-09T15:01:52.041Z  INFO 6 --- [main] com.structurizr.server.Local             :  - structurizr.search: lucene
2026-04-09T15:01:52.041Z  INFO 6 --- [main] com.structurizr.server.Local             :  - structurizr.themes: /usr/local/structurizr/themes/
2026-04-09T15:01:52.042Z  INFO 6 --- [main] com.structurizr.server.Local             :  - structurizr.workspace.maxsize: 1MB
2026-04-09T15:01:52.042Z  INFO 6 --- [main] com.structurizr.server.Local             :  - structurizr.workspace.threads: 10
2026-04-09T15:01:52.042Z  INFO 6 --- [main] com.structurizr.server.Local             :  - structurizr.workspaces: 1
2026-04-09T15:01:52.042Z  INFO 6 --- [main] com.structurizr.server.Local             : ***********************************************************************************
2026-04-09T15:01:52.042Z  INFO 6 --- [main] com.structurizr.server.Local             : Themes:
2026-04-09T15:01:52.042Z  INFO 6 --- [main] com.structurizr.server.Local             : ***********************************************************************************
